# JRE version: OpenJDK Runtime Environment (16.0.2+7) (build 16.0.2+7-67)
# Java VM: OpenJDK 64-Bit Server VM (16.0.2+7-67, mixed mode, tiered, compressed oops, compressed class ptrs, g1 gc, windows-amd64)
GC Precious Log:
 CPUs: 8 total, 8 available
 Memory: 8036M
 Large Page Support: Disabled
 NUMA Support: Disabled
 Compressed Oops: Enabled (32-bit)
 Heap Region Size: 1M
 Heap Min Capacity: 8M
 Heap Initial Capacity: 126M
 Heap Max Capacity: 2010M
 Pre-touch: Disabled
 Parallel Workers: 8
 Concurrent Workers: 2
 Concurrent Refinement Workers: 8
 Periodic GC: Disabled
Heap:
 garbage-first heap   total 132096K, used 47887K [0x0000000082600000, 0x0000000100000000)
  region size 1024K, 15 young (15360K), 5 survivors (5120K)
 Metaspace       used 76166K, committed 76864K, reserved 1122304K
  class space    used 10090K, committed 10432K, reserved 1048576K
GC Heap History (20 events):
Event: 2215.465 GC heap before
{Heap before GC invocations=47 (full 4):
 garbage-first heap   total 99328K, used 77963K [0x0000000082600000, 0x0000000100000000)
  region size 1024K, 51 young (52224K), 4 survivors (4096K)
 Metaspace       used 74649K, committed 75648K, reserved 1122304K
  class space    used 9946K, committed 10368K, reserved 1048576K
}
Event: 2215.468 GC heap after
{Heap after GC invocations=48 (full 4):
 garbage-first heap   total 99328K, used 31227K [0x0000000082600000, 0x0000000100000000)
  region size 1024K, 4 young (4096K), 4 survivors (4096K)
 Metaspace       used 74649K, committed 75648K, reserved 1122304K
  class space    used 9946K, committed 10368K, reserved 1048576K
}
Event: 2216.094 GC heap before
{Heap before GC invocations=48 (full 4):
 garbage-first heap   total 99328K, used 78331K [0x0000000082600000, 0x0000000100000000)
  region size 1024K, 51 young (52224K), 4 survivors (4096K)
 Metaspace       used 75013K, committed 75776K, reserved 1122304K
  class space    used 9982K, committed 10368K, reserved 1048576K
}
Event: 2216.098 GC heap after
{Heap after GC invocations=49 (full 4):
 garbage-first heap   total 99328K, used 33813K [0x0000000082600000, 0x0000000100000000)
  region size 1024K, 7 young (7168K), 7 survivors (7168K)
 Metaspace       used 75013K, committed 75776K, reserved 1122304K
  class space    used 9982K, committed 10368K, reserved 1048576K
}
Event: 2216.330 GC heap before
{Heap before GC invocations=49 (full 4):
 garbage-first heap   total 99328K, used 78869K [0x0000000082600000, 0x0000000100000000)
  region size 1024K, 51 young (52224K), 7 survivors (7168K)
 Metaspace       used 75337K, committed 76096K, reserved 1122304K
  class space    used 10001K, committed 10368K, reserved 1048576K
}
Event: 2216.335 GC heap after
{Heap after GC invocations=50 (full 4):
 garbage-first heap   total 99328K, used 36715K [0x0000000082600000, 0x0000000100000000)
  region size 1024K, 7 young (7168K), 7 survivors (7168K)
 Metaspace       used 75337K, committed 76096K, reserved 1122304K
  class space    used 10001K, committed 10368K, reserved 1048576K
}
Event: 2216.583 GC heap before
{Heap before GC invocations=50 (full 4):
 garbage-first heap   total 99328K, used 78699K [0x0000000082600000, 0x0000000100000000)
  region size 1024K, 48 young (49152K), 7 survivors (7168K)
 Metaspace       used 75338K, committed 76096K, reserved 1122304K
  class space    used 10001K, committed 10368K, reserved 1048576K
}
Event: 2216.587 GC heap after
{Heap after GC invocations=51 (full 4):
 garbage-first heap   total 99328K, used 38297K [0x0000000082600000, 0x0000000100000000)
  region size 1024K, 5 young (5120K), 5 survivors (5120K)
 Metaspace       used 75338K, committed 76096K, reserved 1122304K
  class space    used 10001K, committed 10368K, reserved 1048576K
}
Event: 2428.922 GC heap before
{Heap before GC invocations=51 (full 4):
 garbage-first heap   total 99328K, used 57753K [0x0000000082600000, 0x0000000100000000)
  region size 1024K, 25 young (25600K), 5 survivors (5120K)
 Metaspace       used 75341K, committed 76096K, reserved 1122304K
  class space    used 10002K, committed 10368K, reserved 1048576K
}
Event: 2428.975 GC heap after
{Heap after GC invocations=52 (full 5):
 garbage-first heap   total 99328K, used 28086K [0x0000000082600000, 0x0000000100000000)
  region size 1024K, 0 young (0K), 0 survivors (0K)
 Metaspace       used 75318K, committed 76096K, reserved 1122304K
  class space    used 9998K, committed 10368K, reserved 1048576K
}
Event: 2429.298 GC heap before
{Heap before GC invocations=52 (full 5):
 garbage-first heap   total 99328K, used 77238K [0x0000000082600000, 0x0000000100000000)
  region size 1024K, 49 young (50176K), 0 survivors (0K)
 Metaspace       used 75468K, committed 76160K, reserved 1122304K
  class space    used 10027K, committed 10368K, reserved 1048576K
}
Event: 2429.301 GC heap after
{Heap after GC invocations=53 (full 5):
 garbage-first heap   total 99328K, used 31158K [0x0000000082600000, 0x0000000100000000)
  region size 1024K, 3 young (3072K), 3 survivors (3072K)
 Metaspace       used 75468K, committed 76160K, reserved 1122304K
  class space    used 10027K, committed 10368K, reserved 1048576K
}
Event: 2429.360 GC heap before
{Heap before GC invocations=53 (full 5):
 garbage-first heap   total 99328K, used 77238K [0x0000000082600000, 0x0000000100000000)
  region size 1024K, 49 young (50176K), 3 survivors (3072K)
 Metaspace       used 75479K, committed 76224K, reserved 1122304K
  class space    used 10029K, committed 10368K, reserved 1048576K
}
Event: 2429.363 GC heap after
{Heap after GC invocations=54 (full 5):
 garbage-first heap   total 99328K, used 31814K [0x0000000082600000, 0x0000000100000000)
  region size 1024K, 4 young (4096K), 4 survivors (4096K)
 Metaspace       used 75479K, committed 76224K, reserved 1122304K
  class space    used 10029K, committed 10368K, reserved 1048576K
}
Event: 2429.725 GC heap before
{Heap before GC invocations=54 (full 5):
 garbage-first heap   total 99328K, used 78918K [0x0000000082600000, 0x0000000100000000)
  region size 1024K, 50 young (51200K), 4 survivors (4096K)
 Metaspace       used 75827K, committed 76480K, reserved 1122304K
  class space    used 10067K, committed 10368K, reserved 1048576K
}
Event: 2429.729 GC heap after
{Heap after GC invocations=55 (full 5):
 garbage-first heap   total 99328K, used 34060K [0x0000000082600000, 0x0000000100000000)
  region size 1024K, 6 young (6144K), 6 survivors (6144K)
 Metaspace       used 75827K, committed 76480K, reserved 1122304K
  class space    used 10067K, committed 10368K, reserved 1048576K
}
Event: 2429.978 GC heap before
{Heap before GC invocations=55 (full 5):
 garbage-first heap   total 99328K, used 79116K [0x0000000082600000, 0x0000000100000000)
  region size 1024K, 50 young (51200K), 6 survivors (6144K)
 Metaspace       used 76157K, committed 76864K, reserved 1122304K
  class space    used 10088K, committed 10432K, reserved 1048576K
}
Event: 2429.983 GC heap after
{Heap after GC invocations=56 (full 5):
 garbage-first heap   total 99328K, used 36660K [0x0000000082600000, 0x0000000100000000)
  region size 1024K, 6 young (6144K), 6 survivors (6144K)
 Metaspace       used 76157K, committed 76864K, reserved 1122304K
  class space    used 10088K, committed 10432K, reserved 1048576K
}
Event: 2430.244 GC heap before
{Heap before GC invocations=56 (full 5):
 garbage-first heap   total 99328K, used 78644K [0x0000000082600000, 0x0000000100000000)
  region size 1024K, 47 young (48128K), 6 survivors (6144K)
 Metaspace       used 76163K, committed 76864K, reserved 1122304K
  class space    used 10089K, committed 10432K, reserved 1048576K
}
Event: 2430.248 GC heap after
{Heap after GC invocations=57 (full 5):
 garbage-first heap   total 132096K, used 38671K [0x0000000082600000, 0x0000000100000000)
  region size 1024K, 5 young (5120K), 5 survivors (5120K)
 Metaspace       used 76163K, committed 76864K, reserved 1122304K
  class space    used 10089K, committed 10432K, reserved 1048576K
}

