# JRE version: OpenJDK Runtime Environment (16.0.2+7) (build 16.0.2+7-67)
# Java VM: OpenJDK 64-Bit Server VM (16.0.2+7-67, mixed mode, tiered, compressed oops, compressed class ptrs, g1 gc, windows-amd64)
GC Precious Log:
 CPUs: 8 total, 8 available
 Memory: 8036M
 Large Page Support: Disabled
 NUMA Support: Disabled
 Compressed Oops: Enabled (32-bit)
 Heap Region Size: 1M
 Heap Min Capacity: 8M
 Heap Initial Capacity: 126M
 Heap Max Capacity: 2010M
 Pre-touch: Disabled
 Parallel Workers: 8
 Concurrent Workers: 2
 Concurrent Refinement Workers: 8
 Periodic GC: Disabled
Heap:
 garbage-first heap   total 231424K, used 146814K [0x0000000082600000, 0x0000000100000000)
  region size 1024K, 119 young (121856K), 3 survivors (3072K)
 Metaspace       used 70491K, committed 71104K, reserved 1114112K
  class space    used 9427K, committed 9728K, reserved 1048576K
GC Heap History (20 events):
Event: 484.660 GC heap before
{Heap before GC invocations=19 (full 0):
 garbage-first heap   total 106496K, used 84505K [0x0000000082600000, 0x0000000100000000)
  region size 1024K, 56 young (57344K), 8 survivors (8192K)
 Metaspace       used 68655K, committed 69120K, reserved 1114112K
  class space    used 9206K, committed 9408K, reserved 1048576K
}
Event: 484.678 GC heap after
{Heap after GC invocations=20 (full 0):
 garbage-first heap   total 106496K, used 36221K [0x0000000082600000, 0x0000000100000000)
  region size 1024K, 2 young (2048K), 2 survivors (2048K)
 Metaspace       used 68655K, committed 69120K, reserved 1114112K
  class space    used 9206K, committed 9408K, reserved 1048576K
}
Event: 1180.496 GC heap before
{Heap before GC invocations=20 (full 0):
 garbage-first heap   total 106496K, used 85373K [0x0000000082600000, 0x0000000100000000)
  region size 1024K, 50 young (51200K), 2 survivors (2048K)
 Metaspace       used 68695K, committed 69248K, reserved 1114112K
  class space    used 9214K, committed 9472K, reserved 1048576K
}
Event: 1180.501 GC heap after
{Heap after GC invocations=21 (full 0):
 garbage-first heap   total 106496K, used 35707K [0x0000000082600000, 0x0000000100000000)
  region size 1024K, 1 young (1024K), 1 survivors (1024K)
 Metaspace       used 68695K, committed 69248K, reserved 1114112K
  class space    used 9214K, committed 9472K, reserved 1048576K
}
Event: 1197.085 GC heap before
{Heap before GC invocations=21 (full 0):
 garbage-first heap   total 106496K, used 38779K [0x0000000082600000, 0x0000000100000000)
  region size 1024K, 5 young (5120K), 1 survivors (1024K)
 Metaspace       used 68874K, committed 69440K, reserved 1114112K
  class space    used 9250K, committed 9536K, reserved 1048576K
}
Event: 1197.174 GC heap after
{Heap after GC invocations=22 (full 1):
 garbage-first heap   total 99328K, used 26484K [0x0000000082600000, 0x0000000100000000)
  region size 1024K, 0 young (0K), 0 survivors (0K)
 Metaspace       used 68854K, committed 69440K, reserved 1114112K
  class space    used 9247K, committed 9536K, reserved 1048576K
}
Event: 1197.766 GC heap before
{Heap before GC invocations=22 (full 1):
 garbage-first heap   total 99328K, used 78708K [0x0000000082600000, 0x0000000100000000)
  region size 1024K, 52 young (53248K), 0 survivors (0K)
 Metaspace       used 69000K, committed 69568K, reserved 1114112K
  class space    used 9276K, committed 9536K, reserved 1048576K
}
Event: 1197.769 GC heap after
{Heap after GC invocations=23 (full 1):
 garbage-first heap   total 99328K, used 29721K [0x0000000082600000, 0x0000000100000000)
  region size 1024K, 4 young (4096K), 4 survivors (4096K)
 Metaspace       used 69000K, committed 69568K, reserved 1114112K
  class space    used 9276K, committed 9536K, reserved 1048576K
}
Event: 1197.873 GC heap before
{Heap before GC invocations=23 (full 1):
 garbage-first heap   total 99328K, used 77849K [0x0000000082600000, 0x0000000100000000)
  region size 1024K, 52 young (53248K), 4 survivors (4096K)
 Metaspace       used 69000K, committed 69568K, reserved 1114112K
  class space    used 9276K, committed 9536K, reserved 1048576K
}
Event: 1197.876 GC heap after
{Heap after GC invocations=24 (full 1):
 garbage-first heap   total 99328K, used 30259K [0x0000000082600000, 0x0000000100000000)
  region size 1024K, 4 young (4096K), 4 survivors (4096K)
 Metaspace       used 69000K, committed 69568K, reserved 1114112K
  class space    used 9276K, committed 9536K, reserved 1048576K
}
Event: 1198.733 GC heap before
{Heap before GC invocations=24 (full 1):
 garbage-first heap   total 99328K, used 79411K [0x0000000082600000, 0x0000000100000000)
  region size 1024K, 52 young (53248K), 4 survivors (4096K)
 Metaspace       used 69405K, committed 70016K, reserved 1114112K
  class space    used 9312K, committed 9600K, reserved 1048576K
}
Event: 1198.737 GC heap after
{Heap after GC invocations=25 (full 1):
 garbage-first heap   total 99328K, used 32628K [0x0000000082600000, 0x0000000100000000)
  region size 1024K, 6 young (6144K), 6 survivors (6144K)
 Metaspace       used 69405K, committed 70016K, reserved 1114112K
  class space    used 9312K, committed 9600K, reserved 1048576K
}
Event: 1199.002 GC heap before
{Heap before GC invocations=25 (full 1):
 garbage-first heap   total 99328K, used 79732K [0x0000000082600000, 0x0000000100000000)
  region size 1024K, 52 young (53248K), 6 survivors (6144K)
 Metaspace       used 69767K, committed 70400K, reserved 1114112K
  class space    used 9342K, committed 9664K, reserved 1048576K
}
Event: 1199.007 GC heap after
{Heap after GC invocations=26 (full 1):
 garbage-first heap   total 99328K, used 35782K [0x0000000082600000, 0x0000000100000000)
  region size 1024K, 7 young (7168K), 7 survivors (7168K)
 Metaspace       used 69767K, committed 70400K, reserved 1114112K
  class space    used 9342K, committed 9664K, reserved 1048576K
}
Event: 1213.079 GC heap before
{Heap before GC invocations=26 (full 1):
 garbage-first heap   total 99328K, used 77766K [0x0000000082600000, 0x0000000100000000)
  region size 1024K, 48 young (49152K), 7 survivors (7168K)
 Metaspace       used 69781K, committed 70400K, reserved 1114112K
  class space    used 9345K, committed 9664K, reserved 1048576K
}
Event: 1213.092 GC heap after
{Heap after GC invocations=27 (full 1):
 garbage-first heap   total 99328K, used 36768K [0x0000000082600000, 0x0000000100000000)
  region size 1024K, 2 young (2048K), 2 survivors (2048K)
 Metaspace       used 69781K, committed 70400K, reserved 1114112K
  class space    used 9345K, committed 9664K, reserved 1048576K
}
Event: 1213.156 GC heap before
{Heap before GC invocations=27 (full 1):
 garbage-first heap   total 99328K, used 37792K [0x0000000082600000, 0x0000000100000000)
  region size 1024K, 4 young (4096K), 2 survivors (2048K)
 Metaspace       used 69784K, committed 70400K, reserved 1114112K
  class space    used 9345K, committed 9664K, reserved 1048576K
}
Event: 1213.271 GC heap after
{Heap after GC invocations=28 (full 2):
 garbage-first heap   total 99328K, used 27137K [0x0000000082600000, 0x0000000100000000)
  region size 1024K, 0 young (0K), 0 survivors (0K)
 Metaspace       used 69762K, committed 70400K, reserved 1114112K
  class space    used 9342K, committed 9664K, reserved 1048576K
}
Event: 1213.993 GC heap before
{Heap before GC invocations=28 (full 2):
 garbage-first heap   total 99328K, used 76289K [0x0000000082600000, 0x0000000100000000)
  region size 1024K, 49 young (50176K), 0 survivors (0K)
 Metaspace       used 69899K, committed 70528K, reserved 1114112K
  class space    used 9367K, committed 9664K, reserved 1048576K
}
Event: 1213.999 GC heap after
{Heap after GC invocations=29 (full 2):
 garbage-first heap   total 231424K, used 30078K [0x0000000082600000, 0x0000000100000000)
  region size 1024K, 3 young (3072K), 3 survivors (3072K)
 Metaspace       used 69899K, committed 70528K, reserved 1114112K
  class space    used 9367K, committed 9664K, reserved 1048576K
}

